/Clear, Start 
/FileName, Warren_Truss
/Title, Warren_Truss

/PREP7
ET,1,LINK180

N, 1, 0.000000, 0.000000
N, 2, 0.500000, 0.866025
N, 3, 0.500000, 0.000000
N, 4, 1.000000, 0.000000
N, 5, 1.000000, 0.866025
N, 6, 1.500000, 0.866025
N, 7, 1.500000, 0.000000
N, 8, 2.000000, 0.000000
N, 9, 2.000000, 0.866025
N, 10, 2.500000, 0.866025
N, 11, 2.500000, 0.000000
N, 12, 3.000000, 0.000000
N, 13, 3.000000, 0.866025
N, 14, 3.500000, 0.866025
N, 15, 3.500000, 0.000000
N, 16, 4.000000, 0.000000
N, 17, 4.000000, 0.866025
N, 18, 4.500000, 0.866025
N, 19, 4.500000, 0.000000
N, 20, 5.000000, 0.000000
N, 21, 5.000000, 0.866025
N, 22, 5.500000, 0.866025
N, 23, 5.500000, 0.000000
N, 24, 6.000000, 0.000000
N, 25, 6.000000, 0.866025
N, 26, 6.500000, 0.866025
N, 27, 6.500000, 0.000000
N, 28, 7.000000, 0.000000
N, 29, 7.000000, 0.866025
N, 30, 7.500000, 0.866025
N, 31, 7.500000, 0.000000
N, 32, 8.000000, 0.000000
N, 33, 8.000000, 0.866025
N, 34, 8.500000, 0.866025
N, 35, 8.500000, 0.000000
N, 36, 9.000000, 0.000000

MPTEMP,,,,,,,,  
MPTEMP,1,0  
MPDATA,EX,1,,211e9  

R,1,0.0049, ,0  

E, 1, 3
E, 2, 3
E, 3, 4
E, 1, 2
E, 2, 4
E, 2, 5
E, 4, 5
E, 5, 6
E, 4, 6
E, 4, 7
E, 6, 7
E, 7, 8
E, 6, 8
E, 6, 9
E, 8, 9
E, 9, 10
E, 8, 10
E, 8, 11
E, 10, 11
E, 11, 12
E, 10, 12
E, 10, 13
E, 12, 13
E, 13, 14
E, 12, 14
E, 12, 15
E, 14, 15
E, 15, 16
E, 14, 16
E, 14, 17
E, 16, 17
E, 17, 18
E, 16, 18
E, 16, 19
E, 18, 19
E, 19, 20
E, 18, 20
E, 18, 21
E, 20, 21
E, 21, 22
E, 20, 22
E, 20, 23
E, 22, 23
E, 23, 24
E, 22, 24
E, 22, 25
E, 24, 25
E, 25, 26
E, 24, 26
E, 24, 27
E, 26, 27
E, 27, 28
E, 26, 28
E, 26, 29
E, 28, 29
E, 29, 30
E, 28, 30
E, 28, 31
E, 30, 31
E, 31, 32
E, 30, 32
E, 30, 33
E, 32, 33
E, 33, 34
E, 32, 34
E, 32, 35
E, 34, 35
E, 34, 36
E, 35, 36

F,18,FY,-2e4

D,1, , , , , ,ALL, , , , , 
D,36, , , , , ,ALL, , , , , 

/SOL
/STATUS,SOLU
SOLVE   

/POST1  
SET,FIRST 

PRNSOL,U,COMP     